<testsuites id="" name="" tests="575" failures="395" skipped="0" errors="0" time="362.68009400000005">
<testsuite name="user/component/vertical-nav.spec.ts" timestamp="2025-11-26T23:05:35.193Z" hostname="chromium" tests="15" failures="3" skipped="0" time="34.26" errors="0">
<testcase name="VerticalNav Component Tests › On Financial Officer Page › component renders all navigation items" classname="user/component/vertical-nav.spec.ts" time="2.084">
</testcase>
<testcase name="VerticalNav Component Tests › On Financial Officer Page › icons render for each nav item" classname="user/component/vertical-nav.spec.ts" time="2.053">
</testcase>
<testcase name="VerticalNav Component Tests › On Financial Officer Page › navigation titles display correctly" classname="user/component/vertical-nav.spec.ts" time="2.08">
</testcase>
<testcase name="VerticalNav Component Tests › On Financial Officer Page › active state highlights correct item" classname="user/component/vertical-nav.spec.ts" time="6.999">
<failure message="vertical-nav.spec.ts:29:9 active state highlights correct item" type="FAILURE">
<![CDATA[  [chromium] › user/component/vertical-nav.spec.ts:29:9 › VerticalNav Component Tests › On Financial Officer Page › active state highlights correct item 

    Error: expect(locator).toBeVisible() failed

    Locator: locator('.bg-blue-600.text-white').filter({ hasText: 'Finance Office' })
    Expected: visible
    Timeout: 5000ms
    Error: element(s) not found

    Call log:
      - Expect "toBeVisible" with timeout 5000ms
      - waiting for locator('.bg-blue-600.text-white').filter({ hasText: 'Finance Office' })


      30 |       // Financial Officer page should be active
      31 |       const activeButton = page.locator('.bg-blue-600.text-white').filter({ hasText: 'Finance Office' });
    > 32 |       await expect(activeButton).toBeVisible();
         |                                  ^
      33 |     });
      34 |
      35 |     test('inactive items show chevron icon', async ({ page }) => {
        at /Users/chimigyeltshen/Desktop/Sem5/WEB303/student-portal-frontend/tests/user/component/vertical-nav.spec.ts:32:34

    attachment #1: screenshot (image/png) ──────────────────────────────────────────────────────────
    ../test-results/user-component-vertical-na-2e4a7-ate-highlights-correct-item-chromium/test-failed-1.png
    ────────────────────────────────────────────────────────────────────────────────────────────────

    Error Context: ../test-results/user-component-vertical-na-2e4a7-ate-highlights-correct-item-chromium/error-context.md
]]>
</failure>
<system-out>
<![CDATA[
[[ATTACHMENT|user-component-vertical-na-2e4a7-ate-highlights-correct-item-chromium/test-failed-1.png]]

[[ATTACHMENT|user-component-vertical-na-2e4a7-ate-highlights-correct-item-chromium/error-context.md]]
]]>
</system-out>
</testcase>
<testcase name="VerticalNav Component Tests › On Financial Officer Page › inactive items show chevron icon" classname="user/component/vertical-nav.spec.ts" time="1.251">
</testcase>
<testcase name="VerticalNav Component Tests › On Financial Officer Page › active item shows indicator dot" classname="user/component/vertical-nav.spec.ts" time="1.274">
<failure message="vertical-nav.spec.ts:41:9 active item shows indicator dot" type="FAILURE">
<![CDATA[  [chromium] › user/component/vertical-nav.spec.ts:41:9 › VerticalNav Component Tests › On Financial Officer Page › active item shows indicator dot 

    Error: expect(received).toBeGreaterThan(expected)

    Expected: > 0
    Received:   0

      42 |       const activeDot = page.locator('.w-2.h-2.rounded-full.bg-white');
      43 |       const count = await activeDot.count();
    > 44 |       expect(count).toBeGreaterThan(0);
         |                     ^
      45 |     });
      46 |
      47 |     test('clicking nav item navigates to correct path - Admin Dashboard', async ({ page }) => {
        at /Users/chimigyeltshen/Desktop/Sem5/WEB303/student-portal-frontend/tests/user/component/vertical-nav.spec.ts:44:21

    attachment #1: screenshot (image/png) ──────────────────────────────────────────────────────────
    ../test-results/user-component-vertical-na-30983-ve-item-shows-indicator-dot-chromium/test-failed-1.png
    ────────────────────────────────────────────────────────────────────────────────────────────────

    Error Context: ../test-results/user-component-vertical-na-30983-ve-item-shows-indicator-dot-chromium/error-context.md
]]>
</failure>
<system-out>
<![CDATA[
[[ATTACHMENT|user-component-vertical-na-30983-ve-item-shows-indicator-dot-chromium/test-failed-1.png]]

[[ATTACHMENT|user-component-vertical-na-30983-ve-item-shows-indicator-dot-chromium/error-context.md]]
]]>
</system-out>
</testcase>
<testcase name="VerticalNav Component Tests › On Financial Officer Page › clicking nav item navigates to correct path - Admin Dashboard" classname="user/component/vertical-nav.spec.ts" time="1.748">
</testcase>
<testcase name="VerticalNav Component Tests › On Financial Officer Page › clicking nav item navigates to correct path - Student Records" classname="user/component/vertical-nav.spec.ts" time="1.605">
</testcase>
<testcase name="VerticalNav Component Tests › On Financial Officer Page › hover states work on inactive items" classname="user/component/vertical-nav.spec.ts" time="1.289">
</testcase>
<testcase name="VerticalNav Component Tests › On Financial Officer Page › icons change color based on active state" classname="user/component/vertical-nav.spec.ts" time="6.094">
<failure message="vertical-nav.spec.ts:70:9 icons change color based on active state" type="FAILURE">
<![CDATA[  [chromium] › user/component/vertical-nav.spec.ts:70:9 › VerticalNav Component Tests › On Financial Officer Page › icons change color based on active state 

    Error: expect(locator).toBeVisible() failed

    Locator: locator('.bg-blue-600.text-white').filter({ hasText: 'Finance' })
    Expected: visible
    Timeout: 5000ms
    Error: element(s) not found

    Call log:
      - Expect "toBeVisible" with timeout 5000ms
      - waiting for locator('.bg-blue-600.text-white').filter({ hasText: 'Finance' })


      71 |       // Active item should have white icon
      72 |       const activeButton = page.locator('.bg-blue-600.text-white').filter({ hasText: 'Finance' });
    > 73 |       await expect(activeButton).toBeVisible();
         |                                  ^
      74 |     });
      75 |
      76 |     test('navigation header displays correctly', async ({ page }) => {
        at /Users/chimigyeltshen/Desktop/Sem5/WEB303/student-portal-frontend/tests/user/component/vertical-nav.spec.ts:73:34

    attachment #1: screenshot (image/png) ──────────────────────────────────────────────────────────
    ../test-results/user-component-vertical-na-5149a-color-based-on-active-state-chromium/test-failed-1.png
    ────────────────────────────────────────────────────────────────────────────────────────────────

    Error Context: ../test-results/user-component-vertical-na-5149a-color-based-on-active-state-chromium/error-context.md
]]>
</failure>
<system-out>
<![CDATA[
[[ATTACHMENT|user-component-vertical-na-5149a-color-based-on-active-state-chromium/test-failed-1.png]]

[[ATTACHMENT|user-component-vertical-na-5149a-color-based-on-active-state-chromium/error-context.md]]
]]>
</system-out>
</testcase>
<testcase name="VerticalNav Component Tests › On Financial Officer Page › navigation header displays correctly" classname="user/component/vertical-nav.spec.ts" time="1.033">
</testcase>
<testcase name="VerticalNav Component Tests › Navigation Accessibility › buttons are keyboard accessible" classname="user/component/vertical-nav.spec.ts" time="1.058">
</testcase>
<testcase name="VerticalNav Component Tests › Navigation Accessibility › can navigate with keyboard" classname="user/component/vertical-nav.spec.ts" time="1.579">
</testcase>
<testcase name="VerticalNav Component Tests › Mobile Functionality › navigation is responsive on mobile" classname="user/component/vertical-nav.spec.ts" time="1.069">
</testcase>
<testcase name="VerticalNav Component Tests › Active State Updates › active state updates when on dashboard page" classname="user/component/vertical-nav.spec.ts" time="3.044">
</testcase>
</testsuite>
<testsuite name="user/dashboard/page.spec.ts" timestamp="2025-11-26T23:05:35.193Z" hostname="chromium" tests="36" failures="10" skipped="0" time="80.55" errors="0">
<testcase name="User Dashboard Page - E2E Tests › Component Rendering › page renders without crashing" classname="user/dashboard/page.spec.ts" time="1.286">
</testcase>
<testcase name="User Dashboard Page - E2E Tests › Component Rendering › header displays correct logo and title" classname="user/dashboard/page.spec.ts" time="1.918">
</testcase>
<testcase name="User Dashboard Page - E2E Tests › Component Rendering › stats cards render with correct initial values" classname="user/dashboard/page.spec.ts" time="1.269">
</testcase>
<testcase name="User Dashboard Page - E2E Tests › Component Rendering › search bar is visible" classname="user/dashboard/page.spec.ts" time="1.247">
</testcase>
<testcase name="User Dashboard Page - E2E Tests › Component Rendering › filter dropdown is visible" classname="user/dashboard/page.spec.ts" time="1.584">
</testcase>
<testcase name="User Dashboard Page - E2E Tests › Component Rendering › table headers render correctly" classname="user/dashboard/page.spec.ts" time="1.273">
</testcase>
<testcase name="User Dashboard Page - E2E Tests › Component Rendering › navigation sidebar is present" classname="user/dashboard/page.spec.ts" time="1.397">
</testcase>
<testcase name="User Dashboard Page - E2E Tests › Data Fetching &amp; Loading States › loading spinner displays while fetching data" classname="user/dashboard/page.spec.ts" time="0.896">
</testcase>
<testcase name="User Dashboard Page - E2E Tests › Data Fetching &amp; Loading States › students data is correctly transformed and displayed" classname="user/dashboard/page.spec.ts" time="6.029">
<failure message="page.spec.ts:66:9 students data is correctly transformed and displayed" type="FAILURE">
<![CDATA[  [chromium] › user/dashboard/page.spec.ts:66:9 › User Dashboard Page - E2E Tests › Data Fetching & Loading States › students data is correctly transformed and displayed 

    Error: expect(locator).toBeVisible() failed

    Locator: locator('text=Tenzin Dorji')
    Expected: visible
    Timeout: 5000ms
    Error: element(s) not found

    Call log:
      - Expect "toBeVisible" with timeout 5000ms
      - waiting for locator('text=Tenzin Dorji')


      70 |       
      71 |       // Should display student names
    > 72 |       await expect(page.locator('text=Tenzin Dorji')).toBeVisible({ timeout: 5000 });
         |                                                       ^
      73 |     });
      74 |
      75 |     test('error message displays when API call fails', async ({ page }) => {
        at /Users/chimigyeltshen/Desktop/Sem5/WEB303/student-portal-frontend/tests/user/dashboard/page.spec.ts:72:55

    attachment #1: screenshot (image/png) ──────────────────────────────────────────────────────────
    ../test-results/user-dashboard-page-User-D-1f7bd-y-transformed-and-displayed-chromium/test-failed-1.png
    ────────────────────────────────────────────────────────────────────────────────────────────────

    Error Context: ../test-results/user-dashboard-page-User-D-1f7bd-y-transformed-and-displayed-chromium/error-context.md
]]>
</failure>
<system-out>
<![CDATA[
[[ATTACHMENT|user-dashboard-page-User-D-1f7bd-y-transformed-and-displayed-chromium/test-failed-1.png]]

[[ATTACHMENT|user-dashboard-page-User-D-1f7bd-y-transformed-and-displayed-chromium/error-context.md]]
]]>
</system-out>
</testcase>
<testcase name="User Dashboard Page - E2E Tests › Data Fetching &amp; Loading States › error message displays when API call fails" classname="user/dashboard/page.spec.ts" time="1.649">
</testcase>
<testcase name="User Dashboard Page - E2E Tests › Data Fetching &amp; Loading States › empty state shows when no students exist" classname="user/dashboard/page.spec.ts" time="0.789">
</testcase>
<testcase name="User Dashboard Page - E2E Tests › Data Fetching &amp; Loading States › colleges are extracted and grouped correctly" classname="user/dashboard/page.spec.ts" time="0.742">
<failure message="page.spec.ts:93:9 colleges are extracted and grouped correctly" type="FAILURE">
<![CDATA[  [chromium] › user/dashboard/page.spec.ts:93:9 › User Dashboard Page - E2E Tests › Data Fetching & Loading States › colleges are extracted and grouped correctly 

    Error: expect(locator).toBeVisible() failed

    Locator: locator('text=College of Science and Technology')
    Expected: visible
    Error: strict mode violation: locator('text=College of Science and Technology') resolved to 2 elements:
        1) <option value="COL001">College of Science and Technology</option> aka getByRole('combobox')
        2) <h3 class="text-sm sm:text-lg font-semibold text-gray-800">College of Science and Technology</h3> aka getByRole('heading', { name: 'College of Science and' })

    Call log:
      - Expect "toBeVisible" with timeout 5000ms
      - waiting for locator('text=College of Science and Technology')


       97 |       
       98 |       // Should show college names
    >  99 |       await expect(page.locator('text=College of Science and Technology')).toBeVisible({ timeout: 5000 });
          |                                                                            ^
      100 |     });
      101 |   });
      102 |
        at /Users/chimigyeltshen/Desktop/Sem5/WEB303/student-portal-frontend/tests/user/dashboard/page.spec.ts:99:76

    attachment #1: screenshot (image/png) ──────────────────────────────────────────────────────────
    ../test-results/user-dashboard-page-User-D-29d63-acted-and-grouped-correctly-chromium/test-failed-1.png
    ────────────────────────────────────────────────────────────────────────────────────────────────

    Error Context: ../test-results/user-dashboard-page-User-D-29d63-acted-and-grouped-correctly-chromium/error-context.md
]]>
</failure>
<system-out>
<![CDATA[
[[ATTACHMENT|user-dashboard-page-User-D-29d63-acted-and-grouped-correctly-chromium/test-failed-1.png]]

[[ATTACHMENT|user-dashboard-page-User-D-29d63-acted-and-grouped-correctly-chromium/error-context.md]]
]]>
</system-out>
</testcase>
<testcase name="User Dashboard Page - E2E Tests › Search Functionality › search by student name filters correctly" classname="user/dashboard/page.spec.ts" time="3.793">
<failure message="page.spec.ts:110:9 search by student name filters correctly" type="FAILURE">
<![CDATA[  [chromium] › user/dashboard/page.spec.ts:110:9 › User Dashboard Page - E2E Tests › Search Functionality › search by student name filters correctly 

    Error: expect(locator).toBeVisible() failed

    Locator: locator('text=Tenzin Dorji')
    Expected: visible
    Timeout: 3000ms
    Error: element(s) not found

    Call log:
      - Expect "toBeVisible" with timeout 3000ms
      - waiting for locator('text=Tenzin Dorji')


      112 |       await searchInput.fill('Tenzin');
      113 |       
    > 114 |       await expect(page.locator('text=Tenzin Dorji')).toBeVisible({ timeout: 3000 });
          |                                                       ^
      115 |     });
      116 |
      117 |     test('search by email filters results', async ({ page }) => {
        at /Users/chimigyeltshen/Desktop/Sem5/WEB303/student-portal-frontend/tests/user/dashboard/page.spec.ts:114:55

    attachment #1: screenshot (image/png) ──────────────────────────────────────────────────────────
    ../test-results/user-dashboard-page-User-D-69c75-dent-name-filters-correctly-chromium/test-failed-1.png
    ────────────────────────────────────────────────────────────────────────────────────────────────

    Error Context: ../test-results/user-dashboard-page-User-D-69c75-dent-name-filters-correctly-chromium/error-context.md
]]>
</failure>
<system-out>
<![CDATA[
[[ATTACHMENT|user-dashboard-page-User-D-69c75-dent-name-filters-correctly-chromium/test-failed-1.png]]

[[ATTACHMENT|user-dashboard-page-User-D-69c75-dent-name-filters-correctly-chromium/error-context.md]]
]]>
</system-out>
</testcase>
<testcase name="User Dashboard Page - E2E Tests › Search Functionality › search by email filters results" classname="user/dashboard/page.spec.ts" time="3.993">
<failure message="page.spec.ts:117:9 search by email filters results" type="FAILURE">
<![CDATA[  [chromium] › user/dashboard/page.spec.ts:117:9 › User Dashboard Page - E2E Tests › Search Functionality › search by email filters results 

    Error: expect(locator).toBeVisible() failed

    Locator: locator('text=Tenzin Dorji')
    Expected: visible
    Timeout: 3000ms
    Error: element(s) not found

    Call log:
      - Expect "toBeVisible" with timeout 3000ms
      - waiting for locator('text=Tenzin Dorji')


      119 |       await searchInput.fill('tenzin.dorji@student');
      120 |       
    > 121 |       await expect(page.locator('text=Tenzin Dorji')).toBeVisible({ timeout: 3000 });
          |                                                       ^
      122 |     });
      123 |
      124 |     test('case-insensitive search works', async ({ page }) => {
        at /Users/chimigyeltshen/Desktop/Sem5/WEB303/student-portal-frontend/tests/user/dashboard/page.spec.ts:121:55

    attachment #1: screenshot (image/png) ──────────────────────────────────────────────────────────
    ../test-results/user-dashboard-page-User-D-8f776-ch-by-email-filters-results-chromium/test-failed-1.png
    ────────────────────────────────────────────────────────────────────────────────────────────────

    Error Context: ../test-results/user-dashboard-page-User-D-8f776-ch-by-email-filters-results-chromium/error-context.md
]]>
</failure>
<system-out>
<![CDATA[
[[ATTACHMENT|user-dashboard-page-User-D-8f776-ch-by-email-filters-results-chromium/test-failed-1.png]]

[[ATTACHMENT|user-dashboard-page-User-D-8f776-ch-by-email-filters-results-chromium/error-context.md]]
]]>
</system-out>
</testcase>
<testcase name="User Dashboard Page - E2E Tests › Search Functionality › case-insensitive search works" classname="user/dashboard/page.spec.ts" time="3.654">
<failure message="page.spec.ts:124:9 case-insensitive search works" type="FAILURE">
<![CDATA[  [chromium] › user/dashboard/page.spec.ts:124:9 › User Dashboard Page - E2E Tests › Search Functionality › case-insensitive search works 

    Error: expect(locator).toBeVisible() failed

    Locator: locator('text=Tenzin Dorji')
    Expected: visible
    Timeout: 3000ms
    Error: element(s) not found

    Call log:
      - Expect "toBeVisible" with timeout 3000ms
      - waiting for locator('text=Tenzin Dorji')


      126 |       await searchInput.fill('TENZIN');
      127 |       
    > 128 |       await expect(page.locator('text=Tenzin Dorji')).toBeVisible({ timeout: 3000 });
          |                                                       ^
      129 |     });
      130 |
      131 |     test('clearing search shows all students', async ({ page }) => {
        at /Users/chimigyeltshen/Desktop/Sem5/WEB303/student-portal-frontend/tests/user/dashboard/page.spec.ts:128:55

    attachment #1: screenshot (image/png) ──────────────────────────────────────────────────────────
    ../test-results/user-dashboard-page-User-D-9b1b5-se-insensitive-search-works-chromium/test-failed-1.png
    ────────────────────────────────────────────────────────────────────────────────────────────────

    Error Context: ../test-results/user-dashboard-page-User-D-9b1b5-se-insensitive-search-works-chromium/error-context.md
]]>
</failure>
<system-out>
<![CDATA[
[[ATTACHMENT|user-dashboard-page-User-D-9b1b5-se-insensitive-search-works-chromium/test-failed-1.png]]

[[ATTACHMENT|user-dashboard-page-User-D-9b1b5-se-insensitive-search-works-chromium/error-context.md]]
]]>
</system-out>
</testcase>
<testcase name="User Dashboard Page - E2E Tests › Search Functionality › clearing search shows all students" classname="user/dashboard/page.spec.ts" time="4.279">
<failure message="page.spec.ts:131:9 clearing search shows all students" type="FAILURE">
<![CDATA[  [chromium] › user/dashboard/page.spec.ts:131:9 › User Dashboard Page - E2E Tests › Search Functionality › clearing search shows all students 

    Error: expect(locator).toBeVisible() failed

    Locator: locator('text=Pema Wangmo')
    Expected: visible
    Timeout: 3000ms
    Error: element(s) not found

    Call log:
      - Expect "toBeVisible" with timeout 3000ms
      - waiting for locator('text=Pema Wangmo')


      135 |       
      136 |       // All students should be visible again
    > 137 |       await expect(page.locator('text=Pema Wangmo')).toBeVisible({ timeout: 3000 });
          |                                                      ^
      138 |     });
      139 |
      140 |     test('search with no results shows appropriate message', async ({ page }) => {
        at /Users/chimigyeltshen/Desktop/Sem5/WEB303/student-portal-frontend/tests/user/dashboard/page.spec.ts:137:54

    attachment #1: screenshot (image/png) ──────────────────────────────────────────────────────────
    ../test-results/user-dashboard-page-User-D-51d38-g-search-shows-all-students-chromium/test-failed-1.png
    ────────────────────────────────────────────────────────────────────────────────────────────────

    Error Context: ../test-results/user-dashboard-page-User-D-51d38-g-search-shows-all-students-chromium/error-context.md
]]>
</failure>
<system-out>
<![CDATA[
[[ATTACHMENT|user-dashboard-page-User-D-51d38-g-search-shows-all-students-chromium/test-failed-1.png]]

[[ATTACHMENT|user-dashboard-page-User-D-51d38-g-search-shows-all-students-chromium/error-context.md]]
]]>
</system-out>
</testcase>
<testcase name="User Dashboard Page - E2E Tests › Search Functionality › search with no results shows appropriate message" classname="user/dashboard/page.spec.ts" time="0.819">
</testcase>
<testcase name="User Dashboard Page - E2E Tests › Filter Functionality › All Colleges option shows all students" classname="user/dashboard/page.spec.ts" time="5.999">
<failure message="page.spec.ts:155:9 All Colleges option shows all students" type="FAILURE">
<![CDATA[  [chromium] › user/dashboard/page.spec.ts:155:9 › User Dashboard Page - E2E Tests › Filter Functionality › All Colleges option shows all students 

    Error: expect(locator).toBeVisible() failed

    Locator: locator('text=Tenzin Dorji')
    Expected: visible
    Timeout: 5000ms
    Error: element(s) not found

    Call log:
      - Expect "toBeVisible" with timeout 5000ms
      - waiting for locator('text=Tenzin Dorji')


      158 |       
      159 |       // Should show students from all colleges
    > 160 |       await expect(page.locator('text=Tenzin Dorji')).toBeVisible();
          |                                                       ^
      161 |       await expect(page.locator('text=Karma Tshering')).toBeVisible();
      162 |     });
      163 |
        at /Users/chimigyeltshen/Desktop/Sem5/WEB303/student-portal-frontend/tests/user/dashboard/page.spec.ts:160:55

    attachment #1: screenshot (image/png) ──────────────────────────────────────────────────────────
    ../test-results/user-dashboard-page-User-D-24acb-s-option-shows-all-students-chromium/test-failed-1.png
    ────────────────────────────────────────────────────────────────────────────────────────────────

    Error Context: ../test-results/user-dashboard-page-User-D-24acb-s-option-shows-all-students-chromium/error-context.md
]]>
</failure>
<system-out>
<![CDATA[
[[ATTACHMENT|user-dashboard-page-User-D-24acb-s-option-shows-all-students-chromium/test-failed-1.png]]

[[ATTACHMENT|user-dashboard-page-User-D-24acb-s-option-shows-all-students-chromium/error-context.md]]
]]>
</system-out>
</testcase>
<testcase name="User Dashboard Page - E2E Tests › Filter Functionality › selecting a specific college filters students" classname="user/dashboard/page.spec.ts" time="1.721">
</testcase>
<testcase name="User Dashboard Page - E2E Tests › Filter Functionality › college dropdown populates with unique colleges" classname="user/dashboard/page.spec.ts" time="0.753">
</testcase>
<testcase name="User Dashboard Page - E2E Tests › Filter Functionality › combined search and filter works together" classname="user/dashboard/page.spec.ts" time="5.757">
<failure message="page.spec.ts:188:9 combined search and filter works together" type="FAILURE">
<![CDATA[  [chromium] › user/dashboard/page.spec.ts:188:9 › User Dashboard Page - E2E Tests › Filter Functionality › combined search and filter works together 

    Error: expect(locator).toBeVisible() failed

    Locator: locator('text=Tenzin Dorji')
    Expected: visible
    Timeout: 5000ms
    Error: element(s) not found

    Call log:
      - Expect "toBeVisible" with timeout 5000ms
      - waiting for locator('text=Tenzin Dorji')


      193 |       await filterDropdown.selectOption('all');
      194 |       
    > 195 |       await expect(page.locator('text=Tenzin Dorji')).toBeVisible();
          |                                                       ^
      196 |     });
      197 |   });
      198 |
        at /Users/chimigyeltshen/Desktop/Sem5/WEB303/student-portal-frontend/tests/user/dashboard/page.spec.ts:195:55

    attachment #1: screenshot (image/png) ──────────────────────────────────────────────────────────
    ../test-results/user-dashboard-page-User-D-0d077-h-and-filter-works-together-chromium/test-failed-1.png
    ────────────────────────────────────────────────────────────────────────────────────────────────

    Error Context: ../test-results/user-dashboard-page-User-D-0d077-h-and-filter-works-together-chromium/error-context.md
]]>
</failure>
<system-out>
<![CDATA[
[[ATTACHMENT|user-dashboard-page-User-D-0d077-h-and-filter-works-together-chromium/test-failed-1.png]]

[[ATTACHMENT|user-dashboard-page-User-D-0d077-h-and-filter-works-together-chromium/error-context.md]]
]]>
</system-out>
</testcase>
<testcase name="User Dashboard Page - E2E Tests › Collapsible College Rows › college row displays college name and student count" classname="user/dashboard/page.spec.ts" time="0.747">
<failure message="page.spec.ts:206:9 college row displays college name and student count" type="FAILURE">
<![CDATA[  [chromium] › user/dashboard/page.spec.ts:206:9 › User Dashboard Page - E2E Tests › Collapsible College Rows › college row displays college name and student count 

    Error: expect(locator).toBeVisible() failed

    Locator: locator('text=College of Science and Technology')
    Expected: visible
    Error: strict mode violation: locator('text=College of Science and Technology') resolved to 2 elements:
        1) <option value="COL001">College of Science and Technology</option> aka getByRole('combobox')
        2) <h3 class="text-sm sm:text-lg font-semibold text-gray-800">College of Science and Technology</h3> aka getByRole('heading', { name: 'College of Science and' })

    Call log:
      - Expect "toBeVisible" with timeout 5000ms
      - waiting for locator('text=College of Science and Technology')


      206 |     test('college row displays college name and student count', async ({ page }) => {
      207 |       const collegeName = page.locator('text=College of Science and Technology');
    > 208 |       await expect(collegeName).toBeVisible({ timeout: 5000 });
          |                                 ^
      209 |     });
      210 |
      211 |     test('clicking college row toggles expansion', async ({ page }) => {
        at /Users/chimigyeltshen/Desktop/Sem5/WEB303/student-portal-frontend/tests/user/dashboard/page.spec.ts:208:33

    attachment #1: screenshot (image/png) ──────────────────────────────────────────────────────────
    ../test-results/user-dashboard-page-User-D-8b7ec-lege-name-and-student-count-chromium/test-failed-1.png
    ────────────────────────────────────────────────────────────────────────────────────────────────

    Error Context: ../test-results/user-dashboard-page-User-D-8b7ec-lege-name-and-student-count-chromium/error-context.md
]]>
</failure>
<system-out>
<![CDATA[
[[ATTACHMENT|user-dashboard-page-User-D-8b7ec-lege-name-and-student-count-chromium/test-failed-1.png]]

[[ATTACHMENT|user-dashboard-page-User-D-8b7ec-lege-name-and-student-count-chromium/error-context.md]]
]]>
</system-out>
</testcase>
<testcase name="User Dashboard Page - E2E Tests › Collapsible College Rows › clicking college row toggles expansion" classname="user/dashboard/page.spec.ts" time="1.937">
</testcase>
<testcase name="User Dashboard Page - E2E Tests › Collapsible College Rows › Expand All button expands all colleges" classname="user/dashboard/page.spec.ts" time="1.369">
</testcase>
<testcase name="User Dashboard Page - E2E Tests › Collapsible College Rows › Collapse All button collapses all colleges" classname="user/dashboard/page.spec.ts" time="2.224">
</testcase>
<testcase name="User Dashboard Page - E2E Tests › Student Data Display › student name displays correctly" classname="user/dashboard/page.spec.ts" time="2.157">
</testcase>
<testcase name="User Dashboard Page - E2E Tests › Student Data Display › RUB ID card number shows properly" classname="user/dashboard/page.spec.ts" time="2.128">
</testcase>
<testcase name="User Dashboard Page - E2E Tests › Student Data Display › View button is clickable" classname="user/dashboard/page.spec.ts" time="2.69">
</testcase>
<testcase name="User Dashboard Page - E2E Tests › Responsive Design › mobile menu works correctly" classname="user/dashboard/page.spec.ts" time="1.401">
</testcase>
<testcase name="User Dashboard Page - E2E Tests › Responsive Design › stats cards stack on mobile" classname="user/dashboard/page.spec.ts" time="0.954">
</testcase>
<testcase name="User Dashboard Page - E2E Tests › Navigation › VerticalNav component renders with correct items" classname="user/dashboard/page.spec.ts" time="1.936">
</testcase>
<testcase name="User Dashboard Page - E2E Tests › Navigation › clicking nav items navigates to correct routes" classname="user/dashboard/page.spec.ts" time="1.878">
</testcase>
<testcase name="User Dashboard Page - E2E Tests › Export Functionality › export button is visible and clickable" classname="user/dashboard/page.spec.ts" time="1.385">
</testcase>
<testcase name="User Dashboard Page - E2E Tests › Edge Cases › handles students without college assignments" classname="user/dashboard/page.spec.ts" time="6.091">
<failure message="page.spec.ts:337:9 handles students without college assignments" type="FAILURE">
<![CDATA[  [chromium] › user/dashboard/page.spec.ts:337:9 › User Dashboard Page - E2E Tests › Edge Cases › handles students without college assignments 

    Error: expect(locator).toBeVisible() failed

    Locator: locator('text=Test Student')
    Expected: visible
    Timeout: 5000ms
    Error: element(s) not found

    Call log:
      - Expect "toBeVisible" with timeout 5000ms
      - waiting for locator('text=Test Student')


      353 |       
      354 |       // Should still render
    > 355 |       await expect(page.locator('text=Test Student')).toBeVisible({ timeout: 5000 });
          |                                                       ^
      356 |     });
      357 |
      358 |     test('handles missing student data fields', async ({ page }) => {
        at /Users/chimigyeltshen/Desktop/Sem5/WEB303/student-portal-frontend/tests/user/dashboard/page.spec.ts:355:55

    attachment #1: screenshot (image/png) ──────────────────────────────────────────────────────────
    ../test-results/user-dashboard-page-User-D-bf265-without-college-assignments-chromium/test-failed-1.png
    ────────────────────────────────────────────────────────────────────────────────────────────────

    Error Context: ../test-results/user-dashboard-page-User-D-bf265-without-college-assignments-chromium/error-context.md
]]>
</failure>
<system-out>
<![CDATA[
[[ATTACHMENT|user-dashboard-page-User-D-bf265-without-college-assignments-chromium/test-failed-1.png]]

[[ATTACHMENT|user-dashboard-page-User-D-bf265-without-college-assignments-chromium/error-context.md]]
]]>
</system-out>
</testcase>
<testcase name="User Dashboard Page - E2E Tests › Edge Cases › handles missing student data fields" classname="user/dashboard/page.spec.ts" time="0.993">
</testcase>
<testcase name="User Dashboard Page - E2E Tests › Edge Cases › handles special characters in search" classname="user/dashboard/page.spec.ts" time="1.813">
</testcase>
</testsuite>
<testsuite name="user/financial-officer/officer-row.spec.ts" timestamp="2025-11-26T23:05:35.193Z" hostname="chromium" tests="15" failures="0" skipped="0" time="25.19" errors="0">
<testcase name="OfficerRow Component Tests › renders officer email" classname="user/financial-officer/officer-row.spec.ts" time="2.335">
</testcase>
<testcase name="OfficerRow Component Tests › displays phone number" classname="user/financial-officer/officer-row.spec.ts" time="2.166">
</testcase>
<testcase name="OfficerRow Component Tests › shows status badge with correct color for active status" classname="user/financial-officer/officer-row.spec.ts" time="1.333">
</testcase>
<testcase name="OfficerRow Component Tests › active status shows green badge" classname="user/financial-officer/officer-row.spec.ts" time="1.359">
</testcase>
<testcase name="OfficerRow Component Tests › edit button triggers edit functionality" classname="user/financial-officer/officer-row.spec.ts" time="1.521">
</testcase>
<testcase name="OfficerRow Component Tests › expansion toggle works" classname="user/financial-officer/officer-row.spec.ts" time="1.515">
</testcase>
<testcase name="OfficerRow Component Tests › detailed view shows all officer info" classname="user/financial-officer/officer-row.spec.ts" time="1.326">
</testcase>
<testcase name="OfficerRow Component Tests › icons render correctly in officer row" classname="user/financial-officer/officer-row.spec.ts" time="1.392">
</testcase>
<testcase name="OfficerRow Component Tests › collapse button appears after expansion" classname="user/financial-officer/officer-row.spec.ts" time="1.588">
</testcase>
<testcase name="OfficerRow Component Tests › row displays hover effects" classname="user/financial-officer/officer-row.spec.ts" time="1.405">
</testcase>
<testcase name="OfficerRow Component Tests › multiple officer rows render correctly" classname="user/financial-officer/officer-row.spec.ts" time="2.086">
</testcase>
<testcase name="OfficerRow Component Tests › officer email displays with mail icon" classname="user/financial-officer/officer-row.spec.ts" time="1.523">
</testcase>
<testcase name="OfficerRow Component Tests › role ID displays correctly in expanded view" classname="user/financial-officer/officer-row.spec.ts" time="1.679">
</testcase>
<testcase name="OfficerRow Component Tests › user ID shows as monospace font" classname="user/financial-officer/officer-row.spec.ts" time="1.806">
</testcase>
<testcase name="OfficerRow Component Tests › created date formats correctly" classname="user/financial-officer/officer-row.spec.ts" time="2.156">
</testcase>
</testsuite>
<testsuite name="user/financial-officer/page.spec.ts" timestamp="2025-11-26T23:05:35.193Z" hostname="chromium" tests="39" failures="3" skipped="0" time="61.547" errors="0">
<testcase name="Financial Officer Page - E2E Tests › Component Rendering › page renders without crashing" classname="user/financial-officer/page.spec.ts" time="6.761">
<failure message="page.spec.ts:19:9 page renders without crashing" type="FAILURE">
<![CDATA[  [chromium] › user/financial-officer/page.spec.ts:19:9 › Financial Officer Page - E2E Tests › Component Rendering › page renders without crashing 

    Error: expect(page).toHaveTitle(expected) failed

    Expected pattern: /RUB Student Portal/i
    Received string:  "Create Next App"
    Timeout: 5000ms

    Call log:
      - Expect "toHaveTitle" with timeout 5000ms
        9 × unexpected value "Create Next App"


      18 |
      19 |     test('page renders without crashing', async ({ page }) => {
    > 20 |       await expect(page).toHaveTitle(/RUB Student Portal/i);
         |                          ^
      21 |     });
      22 |
      23 |     test('header displays with correct title', async ({ page }) => {
        at /Users/chimigyeltshen/Desktop/Sem5/WEB303/student-portal-frontend/tests/user/financial-officer/page.spec.ts:20:26

    attachment #1: screenshot (image/png) ──────────────────────────────────────────────────────────
    ../test-results/user-financial-officer-pag-1492b-ge-renders-without-crashing-chromium/test-failed-1.png
    ────────────────────────────────────────────────────────────────────────────────────────────────

    Error Context: ../test-results/user-financial-officer-pag-1492b-ge-renders-without-crashing-chromium/error-context.md
]]>
</failure>
<system-out>
<![CDATA[
[[ATTACHMENT|user-financial-officer-pag-1492b-ge-renders-without-crashing-chromium/test-failed-1.png]]

[[ATTACHMENT|user-financial-officer-pag-1492b-ge-renders-without-crashing-chromium/error-context.md]]
]]>
</system-out>
</testcase>
<testcase name="Financial Officer Page - E2E Tests › Component Rendering › header displays with correct title" classname="user/financial-officer/page.spec.ts" time="1.538">
</testcase>
<testcase name="Financial Officer Page - E2E Tests › Component Rendering › Add Officer button is visible" classname="user/financial-officer/page.spec.ts" time="1.409">
</testcase>
<testcase name="Financial Officer Page - E2E Tests › Component Rendering › stats cards render correctly" classname="user/financial-officer/page.spec.ts" time="1.395">
<failure message="page.spec.ts:33:9 stats cards render correctly" type="FAILURE">
<![CDATA[  [chromium] › user/financial-officer/page.spec.ts:33:9 › Financial Officer Page - E2E Tests › Component Rendering › stats cards render correctly 

    Error: expect(locator).toBeVisible() failed

    Locator: locator('text=Active Officers')
    Expected: visible
    Error: strict mode violation: locator('text=Active Officers') resolved to 2 elements:
        1) <p class="text-sm font-medium text-gray-600 mb-2">Active Officers</p> aka getByText('Active Officers', { exact: true })
        2) <p class="text-sm font-medium text-gray-600 mb-2">Inactive Officers</p> aka getByText('Inactive Officers')

    Call log:
      - Expect "toBeVisible" with timeout 5000ms
      - waiting for locator('text=Active Officers')


      35 |       
      36 |       await expect(page.locator('text=Total Officers')).toBeVisible();
    > 37 |       await expect(page.locator('text=Active Officers')).toBeVisible();
         |                                                          ^
      38 |       await expect(page.locator('text=Inactive Officers')).toBeVisible();
      39 |     });
      40 |
        at /Users/chimigyeltshen/Desktop/Sem5/WEB303/student-portal-frontend/tests/user/financial-officer/page.spec.ts:37:58

    attachment #1: screenshot (image/png) ──────────────────────────────────────────────────────────
    ../test-results/user-financial-officer-pag-31bf8-tats-cards-render-correctly-chromium/test-failed-1.png
    ────────────────────────────────────────────────────────────────────────────────────────────────

    Error Context: ../test-results/user-financial-officer-pag-31bf8-tats-cards-render-correctly-chromium/error-context.md
]]>
</failure>
<system-out>
<![CDATA[
[[ATTACHMENT|user-financial-officer-pag-31bf8-tats-cards-render-correctly-chromium/test-failed-1.png]]

[[ATTACHMENT|user-financial-officer-pag-31bf8-tats-cards-render-correctly-chromium/error-context.md]]
]]>
</system-out>
</testcase>
<testcase name="Financial Officer Page - E2E Tests › Component Rendering › search bar renders" classname="user/financial-officer/page.spec.ts" time="1.252">
</testcase>
<testcase name="Financial Officer Page - E2E Tests › Component Rendering › export button is visible" classname="user/financial-officer/page.spec.ts" time="1.298">
</testcase>
<testcase name="Financial Officer Page - E2E Tests › Component Rendering › table renders with correct headers" classname="user/financial-officer/page.spec.ts" time="1.549">
</testcase>
<testcase name="Financial Officer Page - E2E Tests › Component Rendering › VerticalNav component is present" classname="user/financial-officer/page.spec.ts" time="1.284">
</testcase>
<testcase name="Financial Officer Page - E2E Tests › Data Fetching &amp; Loading States › loading spinner displays while fetching" classname="user/financial-officer/page.spec.ts" time="0.737">
</testcase>
<testcase name="Financial Officer Page - E2E Tests › Data Fetching &amp; Loading States › API call to correct endpoint is made" classname="user/financial-officer/page.spec.ts" time="1.844">
</testcase>
<testcase name="Financial Officer Page - E2E Tests › Data Fetching &amp; Loading States › officers data is correctly mapped and displayed" classname="user/financial-officer/page.spec.ts" time="0.852">
</testcase>
<testcase name="Financial Officer Page - E2E Tests › Data Fetching &amp; Loading States › error message displays on API failure" classname="user/financial-officer/page.spec.ts" time="1.394">
</testcase>
<testcase name="Financial Officer Page - E2E Tests › Data Fetching &amp; Loading States › retry button works after error" classname="user/financial-officer/page.spec.ts" time="2.101">
</testcase>
<testcase name="Financial Officer Page - E2E Tests › Data Fetching &amp; Loading States › empty state shows when no officers exist" classname="user/financial-officer/page.spec.ts" time="0.896">
</testcase>
<testcase name="Financial Officer Page - E2E Tests › Add Officer Dialog › Add Officer button opens dialog" classname="user/financial-officer/page.spec.ts" time="1.915">
</testcase>
<testcase name="Financial Officer Page - E2E Tests › Add Officer Dialog › dialog displays with correct title and fields" classname="user/financial-officer/page.spec.ts" time="1.141">
</testcase>
<testcase name="Financial Officer Page - E2E Tests › Add Officer Dialog › first name field accepts input" classname="user/financial-officer/page.spec.ts" time="1.596">
</testcase>
<testcase name="Financial Officer Page - E2E Tests › Add Officer Dialog › last name field accepts input" classname="user/financial-officer/page.spec.ts" time="1.364">
</testcase>
<testcase name="Financial Officer Page - E2E Tests › Add Officer Dialog › email field accepts input" classname="user/financial-officer/page.spec.ts" time="1.637">
</testcase>
<testcase name="Financial Officer Page - E2E Tests › Add Officer Dialog › close button closes dialog" classname="user/financial-officer/page.spec.ts" time="1.701">
</testcase>
<testcase name="Financial Officer Page - E2E Tests › Add Officer Dialog › cancel button closes dialog" classname="user/financial-officer/page.spec.ts" time="2.034">
</testcase>
<testcase name="Financial Officer Page - E2E Tests › Add Officer Dialog › successful creation adds officer to list" classname="user/financial-officer/page.spec.ts" time="2.027">
</testcase>
<testcase name="Financial Officer Page - E2E Tests › Edit Officer Dialog › edit button opens dialog with officer data" classname="user/financial-officer/page.spec.ts" time="1.648">
</testcase>
<testcase name="Financial Officer Page - E2E Tests › Edit Officer Dialog › dialog pre-populates with existing officer data" classname="user/financial-officer/page.spec.ts" time="1.643">
</testcase>
<testcase name="Financial Officer Page - E2E Tests › Edit Officer Dialog › email field is editable" classname="user/financial-officer/page.spec.ts" time="1.739">
</testcase>
<testcase name="Financial Officer Page - E2E Tests › Edit Officer Dialog › phone field is editable" classname="user/financial-officer/page.spec.ts" time="1.479">
</testcase>
<testcase name="Financial Officer Page - E2E Tests › Edit Officer Dialog › status dropdown changes value" classname="user/financial-officer/page.spec.ts" time="1.681">
</testcase>
<testcase name="Financial Officer Page - E2E Tests › Edit Officer Dialog › update button saves changes" classname="user/financial-officer/page.spec.ts" time="1.633">
</testcase>
<testcase name="Financial Officer Page - E2E Tests › Edit Officer Dialog › cancel preserves original data" classname="user/financial-officer/page.spec.ts" time="1.471">
</testcase>
<testcase name="Financial Officer Page - E2E Tests › Search Functionality › search by email filters officers" classname="user/financial-officer/page.spec.ts" time="1.11">
</testcase>
<testcase name="Financial Officer Page - E2E Tests › Search Functionality › search by first name filters" classname="user/financial-officer/page.spec.ts" time="1.178">
</testcase>
<testcase name="Financial Officer Page - E2E Tests › Search Functionality › case-insensitive search works" classname="user/financial-officer/page.spec.ts" time="1.179">
</testcase>
<testcase name="Financial Officer Page - E2E Tests › Search Functionality › clearing search shows all officers" classname="user/financial-officer/page.spec.ts" time="1.3">
</testcase>
<testcase name="Financial Officer Page - E2E Tests › Search Functionality › no results message displays appropriately" classname="user/financial-officer/page.spec.ts" time="1.224">
</testcase>
<testcase name="Financial Officer Page - E2E Tests › Stats Calculation › total officers count is accurate" classname="user/financial-officer/page.spec.ts" time="1.264">
</testcase>
<testcase name="Financial Officer Page - E2E Tests › Stats Calculation › active officers count updates correctly" classname="user/financial-officer/page.spec.ts" time="1.324">
<failure message="page.spec.ts:354:9 active officers count updates correctly" type="FAILURE">
<![CDATA[  [chromium] › user/financial-officer/page.spec.ts:354:9 › Financial Officer Page - E2E Tests › Stats Calculation › active officers count updates correctly 

    Error: expect(locator).toContainText(expected) failed

    Locator: locator('text=Active Officers').locator('..').locator('.text-3xl')
    Expected substring: "3"
    Error: strict mode violation: locator('text=Active Officers').locator('..').locator('.text-3xl') resolved to 2 elements:
        1) <p class="text-3xl font-bold text-gray-900">3</p> aka getByText('3').nth(1)
        2) <p class="text-3xl font-bold text-gray-900">0</p> aka getByText('0')

    Call log:
      - Expect "toContainText" with timeout 5000ms
      - waiting for locator('text=Active Officers').locator('..').locator('.text-3xl')


      354 |     test('active officers count updates correctly', async ({ page }) => {
      355 |       const activeCard = page.locator('text=Active Officers').locator('..').locator('.text-3xl');
    > 356 |       await expect(activeCard).toContainText('3');
          |                                ^
      357 |     });
      358 |
      359 |     test('inactive officers count calculates properly', async ({ page }) => {
        at /Users/chimigyeltshen/Desktop/Sem5/WEB303/student-portal-frontend/tests/user/financial-officer/page.spec.ts:356:32

    attachment #1: screenshot (image/png) ──────────────────────────────────────────────────────────
    ../test-results/user-financial-officer-pag-36021-ers-count-updates-correctly-chromium/test-failed-1.png
    ────────────────────────────────────────────────────────────────────────────────────────────────

    Error Context: ../test-results/user-financial-officer-pag-36021-ers-count-updates-correctly-chromium/error-context.md
]]>
</failure>
<system-out>
<![CDATA[
[[ATTACHMENT|user-financial-officer-pag-36021-ers-count-updates-correctly-chromium/test-failed-1.png]]

[[ATTACHMENT|user-financial-officer-pag-36021-ers-count-updates-correctly-chromium/error-context.md]]
]]>
</system-out>
</testcase>
<testcase name="Financial Officer Page - E2E Tests › Stats Calculation › inactive officers count calculates properly" classname="user/financial-officer/page.spec.ts" time="1.363">
</testcase>
<testcase name="Financial Officer Page - E2E Tests › Export Functionality › export button is clickable" classname="user/financial-officer/page.spec.ts" time="1.339">
</testcase>
<testcase name="Financial Officer Page - E2E Tests › Export Functionality › export button shows correct icon and text" classname="user/financial-officer/page.spec.ts" time="1.247">
</testcase>
</testsuite>
<testsuite name="user/financial-officer/stat-card.spec.ts" timestamp="2025-11-26T23:05:35.193Z" hostname="chromium" tests="10" failures="0" skipped="0" time="17.494" errors="0">
<testcase name="StatCard Component Tests › renders label text correctly" classname="user/financial-officer/stat-card.spec.ts" time="1.608">
</testcase>
<testcase name="StatCard Component Tests › displays value correctly" classname="user/financial-officer/stat-card.spec.ts" time="1.589">
</testcase>
<testcase name="StatCard Component Tests › icon component renders for each stat card" classname="user/financial-officer/stat-card.spec.ts" time="1.563">
</testcase>
<testcase name="StatCard Component Tests › blue color variant applies correctly for Total Officers" classname="user/financial-officer/stat-card.spec.ts" time="1.487">
</testcase>
<testcase name="StatCard Component Tests › green color variant applies correctly for Active Officers" classname="user/financial-officer/stat-card.spec.ts" time="1.873">
</testcase>
<testcase name="StatCard Component Tests › purple color variant applies correctly for Inactive Officers" classname="user/financial-officer/stat-card.spec.ts" time="2.195">
</testcase>
<testcase name="StatCard Component Tests › hover effects work on stat cards" classname="user/financial-officer/stat-card.spec.ts" time="2.553">
</testcase>
<testcase name="StatCard Component Tests › border and background styles apply correctly" classname="user/financial-officer/stat-card.spec.ts" time="1.829">
</testcase>
<testcase name="StatCard Component Tests › all three stat cards render simultaneously" classname="user/financial-officer/stat-card.spec.ts" time="1.445">
</testcase>
<testcase name="StatCard Component Tests › stat values update correctly based on data" classname="user/financial-officer/stat-card.spec.ts" time="1.352">
</testcase>
</testsuite>
<testsuite name="user/component/vertical-nav.spec.ts" timestamp="2025-11-26T23:05:35.193Z" hostname="firefox" tests="15" failures="15" skipped="0" time="0.109" errors="0">
<testcase name="VerticalNav Component Tests › On Financial Officer Page › component renders all navigation items" classname="user/component/vertical-nav.spec.ts" time="0.006">
<failure message="vertical-nav.spec.ts:12:9 component renders all navigation items" type="FAILURE">
<![CDATA[  [firefox] › user/component/vertical-nav.spec.ts:12:9 › VerticalNav Component Tests › On Financial Officer Page › component renders all navigation items 

    Error: browserType.launch: Executable doesn't exist at /Users/chimigyeltshen/Library/Caches/ms-playwright/firefox-1497/firefox/Nightly.app/Contents/MacOS/firefox
    ╔═════════════════════════════════════════════════════════════════════════╗
    ║ Looks like Playwright Test or Playwright was just installed or updated. ║
    ║ Please run the following command to download new browsers:              ║
    ║                                                                         ║
    ║     npx playwright install                                              ║
    ║                                                                         ║
    ║ <3 Playwright Team                                                      ║
    ╚═════════════════════════════════════════════════════════════════════════╝
]]>
</failure>
</testcase>
<testcase name="VerticalNav Component Tests › On Financial Officer Page › icons render for each nav item" classname="user/component/vertical-nav.spec.ts" time="0.008">
<failure message="vertical-nav.spec.ts:18:9 icons render for each nav item" type="FAILURE">
<![CDATA[  [firefox] › user/component/vertical-nav.spec.ts:18:9 › VerticalNav Component Tests › On Financial Officer Page › icons render for each nav item 

    Error: browserType.launch: Executable doesn't exist at /Users/chimigyeltshen/Library/Caches/ms-playwright/firefox-1497/firefox/Nightly.app/Contents/MacOS/firefox
    ╔═════════════════════════════════════════════════════════════════════════╗
    ║ Looks like Playwright Test or Playwright was just installed or updated. ║
    ║ Please run the following command to download new browsers:              ║
    ║                                                                         ║
    ║     npx playwright install                                              ║
    ║                                                                         ║
    ║ <3 Playwright Team                                                      ║
    ╚═════════════════════════════════════════════════════════════════════════╝
]]>
</failure>
</testcase>
<testcase name="VerticalNav Component Tests › On Financial Officer Page › navigation titles display correctly" classname="user/component/vertical-nav.spec.ts" time="0.007">
<failure message="vertical-nav.spec.ts:24:9 navigation titles display correctly" type="FAILURE">
<![CDATA[  [firefox] › user/component/vertical-nav.spec.ts:24:9 › VerticalNav Component Tests › On Financial Officer Page › navigation titles display correctly 

    Error: browserType.launch: Executable doesn't exist at /Users/chimigyeltshen/Library/Caches/ms-playwright/firefox-1497/firefox/Nightly.app/Contents/MacOS/firefox
    ╔═════════════════════════════════════════════════════════════════════════╗
    ║ Looks like Playwright Test or Playwright was just installed or updated. ║
    ║ Please run the following command to download new browsers:              ║
    ║                                                                         ║
    ║     npx playwright install                                              ║
    ║                                                                         ║
    ║ <3 Playwright Team                                                      ║
    ╚═════════════════════════════════════════════════════════════════════════╝
]]>
</failure>
</testcase>
<testcase name="VerticalNav Component Tests › On Financial Officer Page › active state highlights correct item" classname="user/component/vertical-nav.spec.ts" time="0.006">
<failure message="vertical-nav.spec.ts:29:9 active state highlights correct item" type="FAILURE">
<![CDATA[  [firefox] › user/component/vertical-nav.spec.ts:29:9 › VerticalNav Component Tests › On Financial Officer Page › active state highlights correct item 

    Error: browserType.launch: Executable doesn't exist at /Users/chimigyeltshen/Library/Caches/ms-playwright/firefox-1497/firefox/Nightly.app/Contents/MacOS/firefox
    ╔═════════════════════════════════════════════════════════════════════════╗
    ║ Looks like Playwright Test or Playwright was just installed or updated. ║
    ║ Please run the following command to download new browsers:              ║
    ║                                                                         ║
    ║     npx playwright install                                              ║
    ║                                                                         ║
    ║ <3 Playwright Team                                                      ║
    ╚═════════════════════════════════════════════════════════════════════════╝
]]>
</failure>
</testcase>
<testcase name="VerticalNav Component Tests › On Financial Officer Page › inactive items show chevron icon" classname="user/component/vertical-nav.spec.ts" time="0.006">
<failure message="vertical-nav.spec.ts:35:9 inactive items show chevron icon" type="FAILURE">
<![CDATA[  [firefox] › user/component/vertical-nav.spec.ts:35:9 › VerticalNav Component Tests › On Financial Officer Page › inactive items show chevron icon 

    Error: browserType.launch: Executable doesn't exist at /Users/chimigyeltshen/Library/Caches/ms-playwright/firefox-1497/firefox/Nightly.app/Contents/MacOS/firefox
    ╔═════════════════════════════════════════════════════════════════════════╗
    ║ Looks like Playwright Test or Playwright was just installed or updated. ║
    ║ Please run the following command to download new browsers:              ║
    ║                                                                         ║
    ║     npx playwright install                                              ║
    ║                                                                         ║
    ║ <3 Playwright Team                                                      ║
    ╚═════════════════════════════════════════════════════════════════════════╝
]]>
</failure>
</testcase>
<testcase name="VerticalNav Component Tests › On Financial Officer Page › active item shows indicator dot" classname="user/component/vertical-nav.spec.ts" time="0.011">
<failure message="vertical-nav.spec.ts:41:9 active item shows indicator dot" type="FAILURE">
<![CDATA[  [firefox] › user/component/vertical-nav.spec.ts:41:9 › VerticalNav Component Tests › On Financial Officer Page › active item shows indicator dot 

    Error: browserType.launch: Executable doesn't exist at /Users/chimigyeltshen/Library/Caches/ms-playwright/firefox-1497/firefox/Nightly.app/Contents/MacOS/firefox
    ╔═════════════════════════════════════════════════════════════════════════╗
    ║ Looks like Playwright Test or Playwright was just installed or updated. ║
    ║ Please run the following command to download new browsers:              ║
    ║                                                                         ║
    ║     npx playwright install                                              ║
    ║                                                                         ║
    ║ <3 Playwright Team                                                      ║
    ╚═════════════════════════════════════════════════════════════════════════╝
]]>
</failure>
</testcase>
<testcase name="VerticalNav Component Tests › On Financial Officer Page › clicking nav item navigates to correct path - Admin Dashboard" classname="user/component/vertical-nav.spec.ts" time="0.007">
<failure message="vertical-nav.spec.ts:47:9 clicking nav item navigates to correct path - Admin Dashboard" type="FAILURE">
<![CDATA[  [firefox] › user/component/vertical-nav.spec.ts:47:9 › VerticalNav Component Tests › On Financial Officer Page › clicking nav item navigates to correct path - Admin Dashboard 

    Error: browserType.launch: Executable doesn't exist at /Users/chimigyeltshen/Library/Caches/ms-playwright/firefox-1497/firefox/Nightly.app/Contents/MacOS/firefox
    ╔═════════════════════════════════════════════════════════════════════════╗
    ║ Looks like Playwright Test or Playwright was just installed or updated. ║
    ║ Please run the following command to download new browsers:              ║
    ║                                                                         ║
    ║     npx playwright install                                              ║
    ║                                                                         ║
    ║ <3 Playwright Team                                                      ║
    ╚═════════════════════════════════════════════════════════════════════════╝
]]>
</failure>
</testcase>
<testcase name="VerticalNav Component Tests › On Financial Officer Page › clicking nav item navigates to correct path - Student Records" classname="user/component/vertical-nav.spec.ts" time="0.008">
<failure message="vertical-nav.spec.ts:55:9 clicking nav item navigates to correct path - Student Records" type="FAILURE">
<![CDATA[  [firefox] › user/component/vertical-nav.spec.ts:55:9 › VerticalNav Component Tests › On Financial Officer Page › clicking nav item navigates to correct path - Student Records 

    Error: browserType.launch: Executable doesn't exist at /Users/chimigyeltshen/Library/Caches/ms-playwright/firefox-1497/firefox/Nightly.app/Contents/MacOS/firefox
    ╔═════════════════════════════════════════════════════════════════════════╗
    ║ Looks like Playwright Test or Playwright was just installed or updated. ║
    ║ Please run the following command to download new browsers:              ║
    ║                                                                         ║
    ║     npx playwright install                                              ║
    ║                                                                         ║
    ║ <3 Playwright Team                                                      ║
    ╚═════════════════════════════════════════════════════════════════════════╝
]]>
</failure>
</testcase>
<testcase name="VerticalNav Component Tests › On Financial Officer Page › hover states work on inactive items" classname="user/component/vertical-nav.spec.ts" time="0.007">
<failure message="vertical-nav.spec.ts:63:9 hover states work on inactive items" type="FAILURE">
<![CDATA[  [firefox] › user/component/vertical-nav.spec.ts:63:9 › VerticalNav Component Tests › On Financial Officer Page › hover states work on inactive items 

    Error: browserType.launch: Executable doesn't exist at /Users/chimigyeltshen/Library/Caches/ms-playwright/firefox-1497/firefox/Nightly.app/Contents/MacOS/firefox
    ╔═════════════════════════════════════════════════════════════════════════╗
    ║ Looks like Playwright Test or Playwright was just installed or updated. ║
    ║ Please run the following command to download new browsers:              ║
    ║                                                                         ║
    ║     npx playwright install                                              ║
    ║                                                                         ║
    ║ <3 Playwright Team                                                      ║
    ╚═════════════════════════════════════════════════════════════════════════╝
]]>
</failure>
</testcase>
<testcase name="VerticalNav Component Tests › On Financial Officer Page › icons change color based on active state" classname="user/component/vertical-nav.spec.ts" time="0.007">
<failure message="vertical-nav.spec.ts:70:9 icons change color based on active state" type="FAILURE">
<![CDATA[  [firefox] › user/component/vertical-nav.spec.ts:70:9 › VerticalNav Component Tests › On Financial Officer Page › icons change color based on active state 

    Error: browserType.launch: Executable doesn't exist at /Users/chimigyeltshen/Library/Caches/ms-playwright/firefox-1497/firefox/Nightly.app/Contents/MacOS/firefox
    ╔═════════════════════════════════════════════════════════════════════════╗
    ║ Looks like Playwright Test or Playwright was just installed or updated. ║
    ║ Please run the following command to download new browsers:              ║
    ║                                                                         ║
    ║     npx playwright install                                              ║
    ║                                                                         ║
    ║ <3 Playwright Team                                                      ║
    ╚═════════════════════════════════════════════════════════════════════════╝
]]>
</failure>
</testcase>
<testcase name="VerticalNav Component Tests › On Financial Officer Page › navigation header displays correctly" classname="user/component/vertical-nav.spec.ts" time="0.007">
<failure message="vertical-nav.spec.ts:76:9 navigation header displays correctly" type="FAILURE">
<![CDATA[  [firefox] › user/component/vertical-nav.spec.ts:76:9 › VerticalNav Component Tests › On Financial Officer Page › navigation header displays correctly 

    Error: browserType.launch: Executable doesn't exist at /Users/chimigyeltshen/Library/Caches/ms-playwright/firefox-1497/firefox/Nightly.app/Contents/MacOS/firefox
    ╔═════════════════════════════════════════════════════════════════════════╗
    ║ Looks like Playwright Test or Playwright was just installed or updated. ║
    ║ Please run the following command to download new browsers:              ║
    ║                                                                         ║
    ║     npx playwright install                                              ║
    ║                                                                         ║
    ║ <3 Playwright Team                                                      ║
    ╚═════════════════════════════════════════════════════════════════════════╝
]]>
</failure>
</testcase>
<testcase name="VerticalNav Component Tests › Navigation Accessibility › buttons are keyboard accessible" classname="user/component/vertical-nav.spec.ts" time="0.006">
<failure message="vertical-nav.spec.ts:90:9 buttons are keyboard accessible" type="FAILURE">
<![CDATA[  [firefox] › user/component/vertical-nav.spec.ts:90:9 › VerticalNav Component Tests › Navigation Accessibility › buttons are keyboard accessible 

    Error: browserType.launch: Executable doesn't exist at /Users/chimigyeltshen/Library/Caches/ms-playwright/firefox-1497/firefox/Nightly.app/Contents/MacOS/firefox
    ╔═════════════════════════════════════════════════════════════════════════╗
    ║ Looks like Playwright Test or Playwright was just installed or updated. ║
    ║ Please run the following command to download new browsers:              ║
    ║                                                                         ║
    ║     npx playwright install                                              ║
    ║                                                                         ║
    ║ <3 Playwright Team                                                      ║
    ╚═════════════════════════════════════════════════════════════════════════╝
]]>
</failure>
</testcase>
<testcase name="VerticalNav Component Tests › Navigation Accessibility › can navigate with keyboard" classname="user/component/vertical-nav.spec.ts" time="0.01">
<failure message="vertical-nav.spec.ts:98:9 can navigate with keyboard" type="FAILURE">
<![CDATA[  [firefox] › user/component/vertical-nav.spec.ts:98:9 › VerticalNav Component Tests › Navigation Accessibility › can navigate with keyboard 

    Error: browserType.launch: Executable doesn't exist at /Users/chimigyeltshen/Library/Caches/ms-playwright/firefox-1497/firefox/Nightly.app/Contents/MacOS/firefox
    ╔═════════════════════════════════════════════════════════════════════════╗
    ║ Looks like Playwright Test or Playwright was just installed or updated. ║
    ║ Please run the following command to download new browsers:              ║
    ║                                                                         ║
    ║     npx playwright install                                              ║
    ║                                                                         ║
    ║ <3 Playwright Team                                                      ║
    ╚═════════════════════════════════════════════════════════════════════════╝
]]>
</failure>
</testcase>
<testcase name="VerticalNav Component Tests › Mobile Functionality › navigation is responsive on mobile" classname="user/component/vertical-nav.spec.ts" time="0.007">
<failure message="vertical-nav.spec.ts:119:9 navigation is responsive on mobile" type="FAILURE">
<![CDATA[  [firefox] › user/component/vertical-nav.spec.ts:119:9 › VerticalNav Component Tests › Mobile Functionality › navigation is responsive on mobile 

    Error: browserType.launch: Executable doesn't exist at /Users/chimigyeltshen/Library/Caches/ms-playwright/firefox-1497/firefox/Nightly.app/Contents/MacOS/firefox
    ╔═════════════════════════════════════════════════════════════════════════╗
    ║ Looks like Playwright Test or Playwright was just installed or updated. ║
    ║ Please run the following command to download new browsers:              ║
    ║                                                                         ║
    ║     npx playwright install                                              ║
    ║                                                                         ║
    ║ <3 Playwright Team                                                      ║
    ╚═════════════════════════════════════════════════════════════════════════╝
]]>
</failure>
</testcase>
<testcase name="VerticalNav Component Tests › Active State Updates › active state updates when on dashboard page" classname="user/component/vertical-nav.spec.ts" time="0.006">
<failure message="vertical-nav.spec.ts:127:9 active state updates when on dashboard page" type="FAILURE">
<![CDATA[  [firefox] › user/component/vertical-nav.spec.ts:127:9 › VerticalNav Component Tests › Active State Updates › active state updates when on dashboard page 

    Error: browserType.launch: Executable doesn't exist at /Users/chimigyeltshen/Library/Caches/ms-playwright/firefox-1497/firefox/Nightly.app/Contents/MacOS/firefox
    ╔═════════════════════════════════════════════════════════════════════════╗
    ║ Looks like Playwright Test or Playwright was just installed or updated. ║
    ║ Please run the following command to download new browsers:              ║
    ║                                                                         ║
    ║     npx playwright install                                              ║
    ║                                                                         ║
    ║ <3 Playwright Team                                                      ║
    ╚═════════════════════════════════════════════════════════════════════════╝
]]>
</failure>
</testcase>
</testsuite>
<testsuite name="user/dashboard/page.spec.ts" timestamp="2025-11-26T23:05:35.193Z" hostname="firefox" tests="36" failures="36" skipped="0" time="0.284" errors="0">
<testcase name="User Dashboard Page - E2E Tests › Component Rendering › page renders without crashing" classname="user/dashboard/page.spec.ts" time="0.007">
<failure message="page.spec.ts:18:9 page renders without crashing" type="FAILURE">
<![CDATA[  [firefox] › user/dashboard/page.spec.ts:18:9 › User Dashboard Page - E2E Tests › Component Rendering › page renders without crashing 

    Error: browserType.launch: Executable doesn't exist at /Users/chimigyeltshen/Library/Caches/ms-playwright/firefox-1497/firefox/Nightly.app/Contents/MacOS/firefox
    ╔═════════════════════════════════════════════════════════════════════════╗
    ║ Looks like Playwright Test or Playwright was just installed or updated. ║
    ║ Please run the following command to download new browsers:              ║
    ║                                                                         ║
    ║     npx playwright install                                              ║
    ║                                                                         ║
    ║ <3 Playwright Team                                                      ║
    ╚═════════════════════════════════════════════════════════════════════════╝
]]>
</failure>
</testcase>
<testcase name="User Dashboard Page - E2E Tests › Component Rendering › header displays correct logo and title" classname="user/dashboard/page.spec.ts" time="0.008">
<failure message="page.spec.ts:22:9 header displays correct logo and title" type="FAILURE">
<![CDATA[  [firefox] › user/dashboard/page.spec.ts:22:9 › User Dashboard Page - E2E Tests › Component Rendering › header displays correct logo and title 

    Error: browserType.launch: Executable doesn't exist at /Users/chimigyeltshen/Library/Caches/ms-playwright/firefox-1497/firefox/Nightly.app/Contents/MacOS/firefox
    ╔═════════════════════════════════════════════════════════════════════════╗
    ║ Looks like Playwright Test or Playwright was just installed or updated. ║
    ║ Please run the following command to download new browsers:              ║
    ║                                                                         ║
    ║     npx playwright install                                              ║
    ║                                                                         ║
    ║ <3 Playwright Team                                                      ║
    ╚═════════════════════════════════════════════════════════════════════════╝
]]>
</failure>
</testcase>
<testcase name="User Dashboard Page - E2E Tests › Component Rendering › stats cards render with correct initial values" classname="user/dashboard/page.spec.ts" time="0.007">
<failure message="page.spec.ts:27:9 stats cards render with correct initial values" type="FAILURE">
<![CDATA[  [firefox] › user/dashboard/page.spec.ts:27:9 › User Dashboard Page - E2E Tests › Component Rendering › stats cards render with correct initial values 

    Error: browserType.launch: Executable doesn't exist at /Users/chimigyeltshen/Library/Caches/ms-playwright/firefox-1497/firefox/Nightly.app/Contents/MacOS/firefox
    ╔═════════════════════════════════════════════════════════════════════════╗
    ║ Looks like Playwright Test or Playwright was just installed or updated. ║
    ║ Please run the following command to download new browsers:              ║
    ║                                                                         ║
    ║     npx playwright install                                              ║
    ║                                                                         ║
    ║ <3 Playwright Team                                                      ║
    ╚═════════════════════════════════════════════════════════════════════════╝
]]>
</failure>
</testcase>
<testcase name="User Dashboard Page - E2E Tests › Component Rendering › search bar is visible" classname="user/dashboard/page.spec.ts" time="0.007">
<failure message="page.spec.ts:35:9 search bar is visible" type="FAILURE">
<![CDATA[  [firefox] › user/dashboard/page.spec.ts:35:9 › User Dashboard Page - E2E Tests › Component Rendering › search bar is visible 

    Error: browserType.launch: Executable doesn't exist at /Users/chimigyeltshen/Library/Caches/ms-playwright/firefox-1497/firefox/Nightly.app/Contents/MacOS/firefox
    ╔═════════════════════════════════════════════════════════════════════════╗
    ║ Looks like Playwright Test or Playwright was just installed or updated. ║
    ║ Please run the following command to download new browsers:              ║
    ║                                                                         ║
    ║     npx playwright install                                              ║
    ║                                                                         ║
    ║ <3 Playwright Team                                                      ║
    ╚═════════════════════════════════════════════════════════════════════════╝
]]>
</failure>
</testcase>
<testcase name="User Dashboard Page - E2E Tests › Component Rendering › filter dropdown is visible" classname="user/dashboard/page.spec.ts" time="0.008">
<failure message="page.spec.ts:40:9 filter dropdown is visible" type="FAILURE">
<![CDATA[  [firefox] › user/dashboard/page.spec.ts:40:9 › User Dashboard Page - E2E Tests › Component Rendering › filter dropdown is visible 

    Error: browserType.launch: Executable doesn't exist at /Users/chimigyeltshen/Library/Caches/ms-playwright/firefox-1497/firefox/Nightly.app/Contents/MacOS/firefox
    ╔═════════════════════════════════════════════════════════════════════════╗
    ║ Looks like Playwright Test or Playwright was just installed or updated. ║
    ║ Please run the following command to download new browsers:              ║
    ║                                                                         ║
    ║     npx playwright install                                              ║
    ║                                                                         ║
    ║ <3 Playwright Team                                                      ║
    ╚═════════════════════════════════════════════════════════════════════════╝
]]>
</failure>
</testcase>
<testcase name="User Dashboard Page - E2E Tests › Component Rendering › table headers render correctly" classname="user/dashboard/page.spec.ts" time="0.008">
<failure message="page.spec.ts:46:9 table headers render correctly" type="FAILURE">
<![CDATA[  [firefox] › user/dashboard/page.spec.ts:46:9 › User Dashboard Page - E2E Tests › Component Rendering › table headers render correctly 

    Error: browserType.launch: Executable doesn't exist at /Users/chimigyeltshen/Library/Caches/ms-playwright/firefox-1497/firefox/Nightly.app/Contents/MacOS/firefox
    ╔═════════════════════════════════════════════════════════════════════════╗
    ║ Looks like Playwright Test or Playwright was just installed or updated. ║
    ║ Please run the following command to download new browsers:              ║
    ║                                                                         ║
    ║     npx playwright install                                              ║
    ║                                                                         ║
    ║ <3 Playwright Team                                                      ║
    ╚═════════════════════════════════════════════════════════════════════════╝
]]>
</failure>
</testcase>
<testcase name="User Dashboard Page - E2E Tests › Component Rendering › navigation sidebar is present" classname="user/dashboard/page.spec.ts" time="0.008">
<failure message="page.spec.ts:53:9 navigation sidebar is present" type="FAILURE">
<![CDATA[  [firefox] › user/dashboard/page.spec.ts:53:9 › User Dashboard Page - E2E Tests › Component Rendering › navigation sidebar is present 

    Error: browserType.launch: Executable doesn't exist at /Users/chimigyeltshen/Library/Caches/ms-playwright/firefox-1497/firefox/Nightly.app/Contents/MacOS/firefox
    ╔═════════════════════════════════════════════════════════════════════════╗
    ║ Looks like Playwright Test or Playwright was just installed or updated. ║
    ║ Please run the following command to download new browsers:              ║
    ║                                                                         ║
    ║     npx playwright install                                              ║
    ║                                                                         ║
    ║ <3 Playwright Team                                                      ║
    ╚═════════════════════════════════════════════════════════════════════════╝
]]>
</failure>
</testcase>
<testcase name="User Dashboard Page - E2E Tests › Data Fetching &amp; Loading States › loading spinner displays while fetching data" classname="user/dashboard/page.spec.ts" time="0.006">
<failure message="page.spec.ts:59:9 loading spinner displays while fetching data" type="FAILURE">
<![CDATA[  [firefox] › user/dashboard/page.spec.ts:59:9 › User Dashboard Page - E2E Tests › Data Fetching & Loading States › loading spinner displays while fetching data 

    Error: browserType.launch: Executable doesn't exist at /Users/chimigyeltshen/Library/Caches/ms-playwright/firefox-1497/firefox/Nightly.app/Contents/MacOS/firefox
    ╔═════════════════════════════════════════════════════════════════════════╗
    ║ Looks like Playwright Test or Playwright was just installed or updated. ║
    ║ Please run the following command to download new browsers:              ║
    ║                                                                         ║
    ║     npx playwright install                                              ║
    ║                                                                         ║
    ║ <3 Playwright Team                                                      ║
    ╚═════════════════════════════════════════════════════════════════════════╝
]]>
</failure>
</testcase>
<testcase name="User Dashboard Page - E2E Tests › Data Fetching &amp; Loading States › students data is correctly transformed and displayed" classname="user/dashboard/page.spec.ts" time="0.009">
<failure message="page.spec.ts:66:9 students data is correctly transformed and displayed" type="FAILURE">
[...]
    ║                                                                         ║
    ║ <3 Playwright Team                                                      ║
    ╚═════════════════════════════════════════════════════════════════════════╝
]]>
</failure>
</testcase>
<testcase name="Financial Officer Page - E2E Tests › Search Functionality › no results message displays appropriately" classname="user/financial-officer/page.spec.ts" time="0.011">
<failure message="page.spec.ts:334:9 no results message displays appropriately" type="FAILURE">
<![CDATA[  [Mobile Safari] › user/financial-officer/page.spec.ts:334:9 › Financial Officer Page - E2E Tests › Search Functionality › no results message displays appropriately 

    Error: browserType.launch: Executable doesn't exist at /Users/chimigyeltshen/Library/Caches/ms-playwright/webkit-2227/pw_run.sh
    ╔═════════════════════════════════════════════════════════════════════════╗
    ║ Looks like Playwright Test or Playwright was just installed or updated. ║
    ║ Please run the following command to download new browsers:              ║
    ║                                                                         ║
    ║     npx playwright install                                              ║
    ║                                                                         ║
    ║ <3 Playwright Team                                                      ║
    ╚═════════════════════════════════════════════════════════════════════════╝
]]>
</failure>
</testcase>
<testcase name="Financial Officer Page - E2E Tests › Stats Calculation › total officers count is accurate" classname="user/financial-officer/page.spec.ts" time="0.007">
<failure message="page.spec.ts:349:9 total officers count is accurate" type="FAILURE">
<![CDATA[  [Mobile Safari] › user/financial-officer/page.spec.ts:349:9 › Financial Officer Page - E2E Tests › Stats Calculation › total officers count is accurate 

    Error: browserType.launch: Executable doesn't exist at /Users/chimigyeltshen/Library/Caches/ms-playwright/webkit-2227/pw_run.sh
    ╔═════════════════════════════════════════════════════════════════════════╗
    ║ Looks like Playwright Test or Playwright was just installed or updated. ║
    ║ Please run the following command to download new browsers:              ║
    ║                                                                         ║
    ║     npx playwright install                                              ║
    ║                                                                         ║
    ║ <3 Playwright Team                                                      ║
    ╚═════════════════════════════════════════════════════════════════════════╝
]]>
</failure>
</testcase>
<testcase name="Financial Officer Page - E2E Tests › Stats Calculation › active officers count updates correctly" classname="user/financial-officer/page.spec.ts" time="0.008">
<failure message="page.spec.ts:354:9 active officers count updates correctly" type="FAILURE">
<![CDATA[  [Mobile Safari] › user/financial-officer/page.spec.ts:354:9 › Financial Officer Page - E2E Tests › Stats Calculation › active officers count updates correctly 

    Error: browserType.launch: Executable doesn't exist at /Users/chimigyeltshen/Library/Caches/ms-playwright/webkit-2227/pw_run.sh
    ╔═════════════════════════════════════════════════════════════════════════╗
    ║ Looks like Playwright Test or Playwright was just installed or updated. ║
    ║ Please run the following command to download new browsers:              ║
    ║                                                                         ║
    ║     npx playwright install                                              ║
    ║                                                                         ║
    ║ <3 Playwright Team                                                      ║
    ╚═════════════════════════════════════════════════════════════════════════╝
]]>
</failure>
</testcase>
<testcase name="Financial Officer Page - E2E Tests › Stats Calculation › inactive officers count calculates properly" classname="user/financial-officer/page.spec.ts" time="0.007">
<failure message="page.spec.ts:359:9 inactive officers count calculates properly" type="FAILURE">
<![CDATA[  [Mobile Safari] › user/financial-officer/page.spec.ts:359:9 › Financial Officer Page - E2E Tests › Stats Calculation › inactive officers count calculates properly 

    Error: browserType.launch: Executable doesn't exist at /Users/chimigyeltshen/Library/Caches/ms-playwright/webkit-2227/pw_run.sh
    ╔═════════════════════════════════════════════════════════════════════════╗
    ║ Looks like Playwright Test or Playwright was just installed or updated. ║
    ║ Please run the following command to download new browsers:              ║
    ║                                                                         ║
    ║     npx playwright install                                              ║
    ║                                                                         ║
    ║ <3 Playwright Team                                                      ║
    ╚═════════════════════════════════════════════════════════════════════════╝
]]>
</failure>
</testcase>
<testcase name="Financial Officer Page - E2E Tests › Export Functionality › export button is clickable" classname="user/financial-officer/page.spec.ts" time="0.008">
<failure message="page.spec.ts:372:9 export button is clickable" type="FAILURE">
<![CDATA[  [Mobile Safari] › user/financial-officer/page.spec.ts:372:9 › Financial Officer Page - E2E Tests › Export Functionality › export button is clickable 

    Error: browserType.launch: Executable doesn't exist at /Users/chimigyeltshen/Library/Caches/ms-playwright/webkit-2227/pw_run.sh
    ╔═════════════════════════════════════════════════════════════════════════╗
    ║ Looks like Playwright Test or Playwright was just installed or updated. ║
    ║ Please run the following command to download new browsers:              ║
    ║                                                                         ║
    ║     npx playwright install                                              ║
    ║                                                                         ║
    ║ <3 Playwright Team                                                      ║
    ╚═════════════════════════════════════════════════════════════════════════╝
]]>
</failure>
</testcase>
<testcase name="Financial Officer Page - E2E Tests › Export Functionality › export button shows correct icon and text" classname="user/financial-officer/page.spec.ts" time="0.008">
<failure message="page.spec.ts:378:9 export button shows correct icon and text" type="FAILURE">
<![CDATA[  [Mobile Safari] › user/financial-officer/page.spec.ts:378:9 › Financial Officer Page - E2E Tests › Export Functionality › export button shows correct icon and text 

    Error: browserType.launch: Executable doesn't exist at /Users/chimigyeltshen/Library/Caches/ms-playwright/webkit-2227/pw_run.sh
    ╔═════════════════════════════════════════════════════════════════════════╗
    ║ Looks like Playwright Test or Playwright was just installed or updated. ║
    ║ Please run the following command to download new browsers:              ║
    ║                                                                         ║
    ║     npx playwright install                                              ║
    ║                                                                         ║
    ║ <3 Playwright Team                                                      ║
    ╚═════════════════════════════════════════════════════════════════════════╝
]]>
</failure>
</testcase>
</testsuite>
<testsuite name="user/financial-officer/stat-card.spec.ts" timestamp="2025-11-26T23:05:35.193Z" hostname="Mobile Safari" tests="10" failures="10" skipped="0" time="0.071" errors="0">
<testcase name="StatCard Component Tests › renders label text correctly" classname="user/financial-officer/stat-card.spec.ts" time="0.008">
<failure message="stat-card.spec.ts:11:7 renders label text correctly" type="FAILURE">
<![CDATA[  [Mobile Safari] › user/financial-officer/stat-card.spec.ts:11:7 › StatCard Component Tests › renders label text correctly 

    Error: browserType.launch: Executable doesn't exist at /Users/chimigyeltshen/Library/Caches/ms-playwright/webkit-2227/pw_run.sh
    ╔═════════════════════════════════════════════════════════════════════════╗
    ║ Looks like Playwright Test or Playwright was just installed or updated. ║
    ║ Please run the following command to download new browsers:              ║
    ║                                                                         ║
    ║     npx playwright install                                              ║
    ║                                                                         ║
    ║ <3 Playwright Team                                                      ║
    ╚═════════════════════════════════════════════════════════════════════════╝
]]>
</failure>
</testcase>
<testcase name="StatCard Component Tests › displays value correctly" classname="user/financial-officer/stat-card.spec.ts" time="0.007">
<failure message="stat-card.spec.ts:16:7 displays value correctly" type="FAILURE">
<![CDATA[  [Mobile Safari] › user/financial-officer/stat-card.spec.ts:16:7 › StatCard Component Tests › displays value correctly 

    Error: browserType.launch: Executable doesn't exist at /Users/chimigyeltshen/Library/Caches/ms-playwright/webkit-2227/pw_run.sh
    ╔═════════════════════════════════════════════════════════════════════════╗
    ║ Looks like Playwright Test or Playwright was just installed or updated. ║
    ║ Please run the following command to download new browsers:              ║
    ║                                                                         ║
    ║     npx playwright install                                              ║
    ║                                                                         ║
    ║ <3 Playwright Team                                                      ║
    ╚═════════════════════════════════════════════════════════════════════════╝
]]>
</failure>
</testcase>
<testcase name="StatCard Component Tests › icon component renders for each stat card" classname="user/financial-officer/stat-card.spec.ts" time="0.007">
<failure message="stat-card.spec.ts:26:7 icon component renders for each stat card" type="FAILURE">
<![CDATA[  [Mobile Safari] › user/financial-officer/stat-card.spec.ts:26:7 › StatCard Component Tests › icon component renders for each stat card 

    Error: browserType.launch: Executable doesn't exist at /Users/chimigyeltshen/Library/Caches/ms-playwright/webkit-2227/pw_run.sh
    ╔═════════════════════════════════════════════════════════════════════════╗
    ║ Looks like Playwright Test or Playwright was just installed or updated. ║
    ║ Please run the following command to download new browsers:              ║
    ║                                                                         ║
    ║     npx playwright install                                              ║
    ║                                                                         ║
    ║ <3 Playwright Team                                                      ║
    ╚═════════════════════════════════════════════════════════════════════════╝
]]>
</failure>
</testcase>
<testcase name="StatCard Component Tests › blue color variant applies correctly for Total Officers" classname="user/financial-officer/stat-card.spec.ts" time="0.009">
<failure message="stat-card.spec.ts:34:7 blue color variant applies correctly for Total Officers" type="FAILURE">
<![CDATA[  [Mobile Safari] › user/financial-officer/stat-card.spec.ts:34:7 › StatCard Component Tests › blue color variant applies correctly for Total Officers 

    Error: browserType.launch: Executable doesn't exist at /Users/chimigyeltshen/Library/Caches/ms-playwright/webkit-2227/pw_run.sh
    ╔═════════════════════════════════════════════════════════════════════════╗
    ║ Looks like Playwright Test or Playwright was just installed or updated. ║
    ║ Please run the following command to download new browsers:              ║
    ║                                                                         ║
    ║     npx playwright install                                              ║
    ║                                                                         ║
    ║ <3 Playwright Team                                                      ║
    ╚═════════════════════════════════════════════════════════════════════════╝
]]>
</failure>
</testcase>
<testcase name="StatCard Component Tests › green color variant applies correctly for Active Officers" classname="user/financial-officer/stat-card.spec.ts" time="0.006">
<failure message="stat-card.spec.ts:41:7 green color variant applies correctly for Active Officers" type="FAILURE">
<![CDATA[  [Mobile Safari] › user/financial-officer/stat-card.spec.ts:41:7 › StatCard Component Tests › green color variant applies correctly for Active Officers 

    Error: browserType.launch: Executable doesn't exist at /Users/chimigyeltshen/Library/Caches/ms-playwright/webkit-2227/pw_run.sh
    ╔═════════════════════════════════════════════════════════════════════════╗
    ║ Looks like Playwright Test or Playwright was just installed or updated. ║
    ║ Please run the following command to download new browsers:              ║
    ║                                                                         ║
    ║     npx playwright install                                              ║
    ║                                                                         ║
    ║ <3 Playwright Team                                                      ║
    ╚═════════════════════════════════════════════════════════════════════════╝
]]>
</failure>
</testcase>
<testcase name="StatCard Component Tests › purple color variant applies correctly for Inactive Officers" classname="user/financial-officer/stat-card.spec.ts" time="0.007">
<failure message="stat-card.spec.ts:48:7 purple color variant applies correctly for Inactive Officers" type="FAILURE">
<![CDATA[  [Mobile Safari] › user/financial-officer/stat-card.spec.ts:48:7 › StatCard Component Tests › purple color variant applies correctly for Inactive Officers 

    Error: browserType.launch: Executable doesn't exist at /Users/chimigyeltshen/Library/Caches/ms-playwright/webkit-2227/pw_run.sh
    ╔═════════════════════════════════════════════════════════════════════════╗
    ║ Looks like Playwright Test or Playwright was just installed or updated. ║
    ║ Please run the following command to download new browsers:              ║
    ║                                                                         ║
    ║     npx playwright install                                              ║
    ║                                                                         ║
    ║ <3 Playwright Team                                                      ║
    ╚═════════════════════════════════════════════════════════════════════════╝
]]>
</failure>
</testcase>
<testcase name="StatCard Component Tests › hover effects work on stat cards" classname="user/financial-officer/stat-card.spec.ts" time="0.009">
<failure message="stat-card.spec.ts:55:7 hover effects work on stat cards" type="FAILURE">
<![CDATA[  [Mobile Safari] › user/financial-officer/stat-card.spec.ts:55:7 › StatCard Component Tests › hover effects work on stat cards 

    Error: browserType.launch: Executable doesn't exist at /Users/chimigyeltshen/Library/Caches/ms-playwright/webkit-2227/pw_run.sh
    ╔═════════════════════════════════════════════════════════════════════════╗
    ║ Looks like Playwright Test or Playwright was just installed or updated. ║
    ║ Please run the following command to download new browsers:              ║
    ║                                                                         ║
    ║     npx playwright install                                              ║
    ║                                                                         ║
    ║ <3 Playwright Team                                                      ║
    ╚═════════════════════════════════════════════════════════════════════════╝
]]>
</failure>
</testcase>
<testcase name="StatCard Component Tests › border and background styles apply correctly" classname="user/financial-officer/stat-card.spec.ts" time="0.008">
<failure message="stat-card.spec.ts:65:7 border and background styles apply correctly" type="FAILURE">
<![CDATA[  [Mobile Safari] › user/financial-officer/stat-card.spec.ts:65:7 › StatCard Component Tests › border and background styles apply correctly 

    Error: browserType.launch: Executable doesn't exist at /Users/chimigyeltshen/Library/Caches/ms-playwright/webkit-2227/pw_run.sh
    ╔═════════════════════════════════════════════════════════════════════════╗
    ║ Looks like Playwright Test or Playwright was just installed or updated. ║
    ║ Please run the following command to download new browsers:              ║
    ║                                                                         ║
    ║     npx playwright install                                              ║
    ║                                                                         ║
    ║ <3 Playwright Team                                                      ║
    ╚═════════════════════════════════════════════════════════════════════════╝
]]>
</failure>
</testcase>
<testcase name="StatCard Component Tests › all three stat cards render simultaneously" classname="user/financial-officer/stat-card.spec.ts" time="0.004">
<failure message="stat-card.spec.ts:73:7 all three stat cards render simultaneously" type="FAILURE">
<![CDATA[  [Mobile Safari] › user/financial-officer/stat-card.spec.ts:73:7 › StatCard Component Tests › all three stat cards render simultaneously 

    Error: browserType.launch: Executable doesn't exist at /Users/chimigyeltshen/Library/Caches/ms-playwright/webkit-2227/pw_run.sh
    ╔═════════════════════════════════════════════════════════════════════════╗
    ║ Looks like Playwright Test or Playwright was just installed or updated. ║
    ║ Please run the following command to download new browsers:              ║
    ║                                                                         ║
    ║     npx playwright install                                              ║
    ║                                                                         ║
    ║ <3 Playwright Team                                                      ║
    ╚═════════════════════════════════════════════════════════════════════════╝
]]>
</failure>
</testcase>
<testcase name="StatCard Component Tests › stat values update correctly based on data" classname="user/financial-officer/stat-card.spec.ts" time="0.006">
<failure message="stat-card.spec.ts:80:7 stat values update correctly based on data" type="FAILURE">
<![CDATA[  [Mobile Safari] › user/financial-officer/stat-card.spec.ts:80:7 › StatCard Component Tests › stat values update correctly based on data 

    Error: browserType.launch: Executable doesn't exist at /Users/chimigyeltshen/Library/Caches/ms-playwright/webkit-2227/pw_run.sh
    ╔═════════════════════════════════════════════════════════════════════════╗
    ║ Looks like Playwright Test or Playwright was just installed or updated. ║
    ║ Please run the following command to download new browsers:              ║
    ║                                                                         ║
    ║     npx playwright install                                              ║
    ║                                                                         ║
    ║ <3 Playwright Team                                                      ║
    ╚═════════════════════════════════════════════════════════════════════════╝
]]>
</failure>
</testcase>
</testsuite>
</testsuites>